This is pdfTeX, Version 3.14159265-2.6-1.40.21 (MiKTeX 2.9.7380 64-bit) (preloaded format=pdflatex 2020.4.25)  14 AUG 2020 12:52
entering extended mode
**./final_proj_again.tex
(final_proj_again.tex
LaTeX2e <2020-02-02> patch level 5
L3 programming layer <2020-04-06> ("C:\Users\maybe\AppData\Local\Programs\MiKTe
X 2.9\tex/latex/base\article.cls"
Document Class: article 2019/12/20 v1.4l Standard LaTeX document class
("C:\Users\maybe\AppData\Local\Programs\MiKTeX 2.9\tex/latex/base\size10.clo"
File: size10.clo 2019/12/20 v1.4l Standard LaTeX file (size option)
)
\c@part=\count167
\c@section=\count168
\c@subsection=\count169
\c@subsubsection=\count170
\c@paragraph=\count171
\c@subparagraph=\count172
\c@figure=\count173
\c@table=\count174
\abovecaptionskip=\skip47
\belowcaptionskip=\skip48
\bibindent=\dimen134
) ("C:\Users\maybe\AppData\Local\Programs\MiKTeX 2.9\tex/latex/lm\lmodern.sty"
Package: lmodern 2009/10/30 v1.6 Latin Modern Fonts
LaTeX Font Info:    Overwriting symbol font `operators' in version `normal'
(Font)                  OT1/cmr/m/n --> OT1/lmr/m/n on input line 22.
LaTeX Font Info:    Overwriting symbol font `letters' in version `normal'
(Font)                  OML/cmm/m/it --> OML/lmm/m/it on input line 23.
LaTeX Font Info:    Overwriting symbol font `symbols' in version `normal'
(Font)                  OMS/cmsy/m/n --> OMS/lmsy/m/n on input line 24.
LaTeX Font Info:    Overwriting symbol font `largesymbols' in version `normal'
(Font)                  OMX/cmex/m/n --> OMX/lmex/m/n on input line 25.
LaTeX Font Info:    Overwriting symbol font `operators' in version `bold'
(Font)                  OT1/cmr/bx/n --> OT1/lmr/bx/n on input line 26.
LaTeX Font Info:    Overwriting symbol font `letters' in version `bold'
(Font)                  OML/cmm/b/it --> OML/lmm/b/it on input line 27.
LaTeX Font Info:    Overwriting symbol font `symbols' in version `bold'
(Font)                  OMS/cmsy/b/n --> OMS/lmsy/b/n on input line 28.
LaTeX Font Info:    Overwriting symbol font `largesymbols' in version `bold'
(Font)                  OMX/cmex/m/n --> OMX/lmex/m/n on input line 29.
LaTeX Font Info:    Overwriting math alphabet `\mathbf' in version `normal'
(Font)                  OT1/cmr/bx/n --> OT1/lmr/bx/n on input line 31.
LaTeX Font Info:    Overwriting math alphabet `\mathsf' in version `normal'
(Font)                  OT1/cmss/m/n --> OT1/lmss/m/n on input line 32.
LaTeX Font Info:    Overwriting math alphabet `\mathit' in version `normal'
(Font)                  OT1/cmr/m/it --> OT1/lmr/m/it on input line 33.
LaTeX Font Info:    Overwriting math alphabet `\mathtt' in version `normal'
(Font)                  OT1/cmtt/m/n --> OT1/lmtt/m/n on input line 34.
LaTeX Font Info:    Overwriting math alphabet `\mathbf' in version `bold'
(Font)                  OT1/cmr/bx/n --> OT1/lmr/bx/n on input line 35.
LaTeX Font Info:    Overwriting math alphabet `\mathsf' in version `bold'
(Font)                  OT1/cmss/bx/n --> OT1/lmss/bx/n on input line 36.
LaTeX Font Info:    Overwriting math alphabet `\mathit' in version `bold'
(Font)                  OT1/cmr/bx/it --> OT1/lmr/bx/it on input line 37.
LaTeX Font Info:    Overwriting math alphabet `\mathtt' in version `bold'
(Font)                  OT1/cmtt/m/n --> OT1/lmtt/m/n on input line 38.
)
("C:\Users\maybe\AppData\Local\Programs\MiKTeX 2.9\tex/latex/amsfonts\amssymb.s
ty"
Package: amssymb 2013/01/14 v3.01 AMS font symbols

("C:\Users\maybe\AppData\Local\Programs\MiKTeX 2.9\tex/latex/amsfonts\amsfonts.
sty"
Package: amsfonts 2013/01/14 v3.01 Basic AMSFonts support
\@emptytoks=\toks15
\symAMSa=\mathgroup4
\symAMSb=\mathgroup5
LaTeX Font Info:    Redeclaring math symbol \hbar on input line 98.
LaTeX Font Info:    Overwriting math alphabet `\mathfrak' in version `bold'
(Font)                  U/euf/m/n --> U/euf/b/n on input line 106.
))
("C:\Users\maybe\AppData\Local\Programs\MiKTeX 2.9\tex/latex/amsmath\amsmath.st
y"
Package: amsmath 2020/01/20 v2.17e AMS math features
\@mathmargin=\skip49
For additional information on amsmath, use the `?' option.

("C:\Users\maybe\AppData\Local\Programs\MiKTeX 2.9\tex/latex/amsmath\amstext.st
y"
Package: amstext 2000/06/29 v2.01 AMS text
("C:\Users\maybe\AppData\Local\Programs\MiKTeX 2.9\tex/latex/amsmath\amsgen.sty
"
File: amsgen.sty 1999/11/30 v2.0 generic functions
\@emptytoks=\toks16
\ex@=\dimen135
)) ("C:\Users\maybe\AppData\Local\Programs\MiKTeX 2.9\tex/latex/amsmath\amsbsy.
sty"
Package: amsbsy 1999/11/29 v1.2d Bold Symbols
\pmbraise@=\dimen136
) ("C:\Users\maybe\AppData\Local\Programs\MiKTeX 2.9\tex/latex/amsmath\amsopn.s
ty"
Package: amsopn 2016/03/08 v2.02 operator names
)
\inf@bad=\count175
LaTeX Info: Redefining \frac on input line 227.
\uproot@=\count176
\leftroot@=\count177
LaTeX Info: Redefining \overline on input line 389.
\classnum@=\count178
\DOTSCASE@=\count179
LaTeX Info: Redefining \ldots on input line 486.
LaTeX Info: Redefining \dots on input line 489.
LaTeX Info: Redefining \cdots on input line 610.
\Mathstrutbox@=\box45
\strutbox@=\box46
\big@size=\dimen137
LaTeX Font Info:    Redeclaring font encoding OML on input line 733.
LaTeX Font Info:    Redeclaring font encoding OMS on input line 734.
\macc@depth=\count180
\c@MaxMatrixCols=\count181
\dotsspace@=\muskip16
\c@parentequation=\count182
\dspbrk@lvl=\count183
\tag@help=\toks17
\row@=\count184
\column@=\count185
\maxfields@=\count186
\andhelp@=\toks18
\eqnshift@=\dimen138
\alignsep@=\dimen139
\tagshift@=\dimen140
\tagwidth@=\dimen141
\totwidth@=\dimen142
\lineht@=\dimen143
\@envbody=\toks19
\multlinegap=\skip50
\multlinetaggap=\skip51
\mathdisplay@stack=\toks20
LaTeX Info: Redefining \[ on input line 2859.
LaTeX Info: Redefining \] on input line 2860.
)
("C:\Users\maybe\AppData\Local\Programs\MiKTeX 2.9\tex/generic/iftex\ifxetex.st
y"
Package: ifxetex 2019/10/25 v0.7 ifxetex legacy package. Use iftex instead.
("C:\Users\maybe\AppData\Local\Programs\MiKTeX 2.9\tex/generic/iftex\iftex.sty"
Package: iftex 2020/03/06 v1.0d TeX engine tests
))
("C:\Users\maybe\AppData\Local\Programs\MiKTeX 2.9\tex/generic/iftex\ifluatex.s
ty"
Package: ifluatex 2019/10/25 v1.5 ifluatex legacy package. Use iftex instead.
) ("C:\Users\maybe\AppData\Local\Programs\MiKTeX 2.9\tex/latex/base\fontenc.sty
"
Package: fontenc 2020/02/11 v2.0o Standard LaTeX package
LaTeX Font Info:    Trying to load font information for T1+lmr on input line 11
2.
("C:\Users\maybe\AppData\Local\Programs\MiKTeX 2.9\tex/latex/lm\t1lmr.fd"
File: t1lmr.fd 2009/10/30 v1.6 Font defs for Latin Modern
)) ("C:\Users\maybe\AppData\Local\Programs\MiKTeX 2.9\tex/latex/base\inputenc.s
ty"
Package: inputenc 2018/08/11 v1.3c Input encoding file
\inpenc@prehook=\toks21
\inpenc@posthook=\toks22
) ("C:\Users\maybe\AppData\Local\Programs\MiKTeX 2.9\tex/latex/base\textcomp.st
y"
Package: textcomp 2020/02/02 v2.0n Standard LaTeX package
)
("C:\Users\maybe\AppData\Local\Programs\MiKTeX 2.9\tex/latex/upquote\upquote.st
y"
Package: upquote 2012/04/19 v1.3 upright-quote and grave-accent glyphs in verba
tim
)
("C:\Users\maybe\AppData\Local\Programs\MiKTeX 2.9\tex/latex/microtype\microtyp
e.sty"
Package: microtype 2019/11/18 v2.7d Micro-typographical refinements (RS)

("C:\Users\maybe\AppData\Local\Programs\MiKTeX 2.9\tex/latex/graphics\keyval.st
y"
Package: keyval 2014/10/28 v1.15 key=value parser (DPC)
\KV@toks@=\toks23
)
\MT@toks=\toks24
\MT@count=\count187
LaTeX Info: Redefining \textls on input line 790.
\MT@outer@kern=\dimen144
LaTeX Info: Redefining \textmicrotypecontext on input line 1354.
\MT@listname@count=\count188

("C:\Users\maybe\AppData\Local\Programs\MiKTeX 2.9\tex/latex/microtype\microtyp
e-pdftex.def"
File: microtype-pdftex.def 2019/11/18 v2.7d Definitions specific to pdftex (RS)

LaTeX Info: Redefining \lsstyle on input line 914.
LaTeX Info: Redefining \lslig on input line 914.
\MT@outer@space=\skip52
)
Package microtype Info: Loading configuration file microtype.cfg.

("C:\Users\maybe\AppData\Local\Programs\MiKTeX 2.9\tex/latex/microtype\microtyp
e.cfg"
File: microtype.cfg 2019/11/18 v2.7d microtype main configuration file (RS)
))
("C:\Users\maybe\AppData\Local\Programs\MiKTeX 2.9\tex/latex/parskip\parskip.st
y"
Package: parskip 2020-01-22 v2.0d non-zero parskip adjustments

("C:\Users\maybe\AppData\Local\Programs\MiKTeX 2.9\tex/latex/kvoptions\kvoption
s.sty"
Package: kvoptions 2019/11/29 v3.13 Key value format for package options (HO)

("C:\Users\maybe\AppData\Local\Programs\MiKTeX 2.9\tex/generic/ltxcmds\ltxcmds.
sty"
Package: ltxcmds 2019/12/15 v1.24 LaTeX kernel commands for general use (HO)
)
("C:\Users\maybe\AppData\Local\Programs\MiKTeX 2.9\tex/generic/kvsetkeys\kvsetk
eys.sty"
Package: kvsetkeys 2019/12/15 v1.18 Key value parser (HO)
))
("C:\Users\maybe\AppData\Local\Programs\MiKTeX 2.9\tex/latex/etoolbox\etoolbox.
sty"
Package: etoolbox 2019/09/21 v2.5h e-TeX tools for LaTeX (JAW)
\etb@tempcnta=\count189
)) ("C:\Users\maybe\AppData\Local\Programs\MiKTeX 2.9\tex/latex/xcolor\xcolor.s
ty"
Package: xcolor 2016/05/11 v2.12 LaTeX color extensions (UK)

("C:\Users\maybe\AppData\Local\Programs\MiKTeX 2.9\tex/latex/graphics-cfg\color
.cfg"
File: color.cfg 2016/01/02 v1.6 sample color configuration
)
Package xcolor Info: Driver file: pdftex.def on input line 225.

("C:\Users\maybe\AppData\Local\Programs\MiKTeX 2.9\tex/latex/graphics-def\pdfte
x.def"
File: pdftex.def 2018/01/08 v1.0l Graphics/color driver for pdftex
)
Package xcolor Info: Model `cmy' substituted by `cmy0' on input line 1348.
Package xcolor Info: Model `hsb' substituted by `rgb' on input line 1352.
Package xcolor Info: Model `RGB' extended on input line 1364.
Package xcolor Info: Model `HTML' substituted by `rgb' on input line 1366.
Package xcolor Info: Model `Hsb' substituted by `hsb' on input line 1367.
Package xcolor Info: Model `tHsb' substituted by `hsb' on input line 1368.
Package xcolor Info: Model `HSB' substituted by `hsb' on input line 1369.
Package xcolor Info: Model `Gray' substituted by `gray' on input line 1370.
Package xcolor Info: Model `wave' substituted by `hsb' on input line 1371.
) ("C:\Users\maybe\AppData\Local\Programs\MiKTeX 2.9\tex/latex/xurl\xurl.sty"
Package: xurl 2020/01/24 v 0.09 modify URL breaks
("C:\Users\maybe\AppData\Local\Programs\MiKTeX 2.9\tex/latex/url\url.sty"
\Urlmuskip=\muskip17
Package: url 2013/09/16  ver 3.4  Verb mode for urls, etc.
))
("C:\Users\maybe\AppData\Local\Programs\MiKTeX 2.9\tex/latex/bookmark\bookmark.
sty"
Package: bookmark 2019/12/03 v1.28 PDF bookmarks (HO)

("C:\Users\maybe\AppData\Local\Programs\MiKTeX 2.9\tex/latex/hyperref\hyperref.
sty"
Package: hyperref 2020/01/14 v7.00d Hypertext links for LaTeX

("C:\Users\maybe\AppData\Local\Programs\MiKTeX 2.9\tex/latex/pdftexcmds\pdftexc
mds.sty"
Package: pdftexcmds 2019/11/24 v0.31 Utility functions of pdfTeX for LuaTeX (HO
)

("C:\Users\maybe\AppData\Local\Programs\MiKTeX 2.9\tex/generic/infwarerr\infwar
err.sty"
Package: infwarerr 2019/12/03 v1.5 Providing info/warning/error messages (HO)
)
Package pdftexcmds Info: \pdf@primitive is available.
Package pdftexcmds Info: \pdf@ifprimitive is available.
Package pdftexcmds Info: \pdfdraftmode found.
)
("C:\Users\maybe\AppData\Local\Programs\MiKTeX 2.9\tex/generic/kvdefinekeys\kvd
efinekeys.sty"
Package: kvdefinekeys 2019-12-19 v1.6 Define keys (HO)
)
("C:\Users\maybe\AppData\Local\Programs\MiKTeX 2.9\tex/generic/pdfescape\pdfesc
ape.sty"
Package: pdfescape 2019/12/09 v1.15 Implements pdfTeX's escape features (HO)
)
("C:\Users\maybe\AppData\Local\Programs\MiKTeX 2.9\tex/latex/hycolor\hycolor.st
y"
Package: hycolor 2020-01-27 v1.10 Color options for hyperref/bookmark (HO)
)
("C:\Users\maybe\AppData\Local\Programs\MiKTeX 2.9\tex/latex/letltxmacro\letltx
macro.sty"
Package: letltxmacro 2019/12/03 v1.6 Let assignment for LaTeX macros (HO)
)
("C:\Users\maybe\AppData\Local\Programs\MiKTeX 2.9\tex/latex/auxhook\auxhook.st
y"
Package: auxhook 2019-12-17 v1.6 Hooks for auxiliary files (HO)
)
\@linkdim=\dimen145
\Hy@linkcounter=\count190
\Hy@pagecounter=\count191

("C:\Users\maybe\AppData\Local\Programs\MiKTeX 2.9\tex/latex/hyperref\pd1enc.de
f"
File: pd1enc.def 2020/01/14 v7.00d Hyperref: PDFDocEncoding definition (HO)
Now handling font encoding PD1 ...
... no UTF-8 mapping file for font encoding PD1
)
("C:\Users\maybe\AppData\Local\Programs\MiKTeX 2.9\tex/generic/intcalc\intcalc.
sty"
Package: intcalc 2019/12/15 v1.3 Expandable calculations with integers (HO)
)
("C:\Users\maybe\AppData\Local\Programs\MiKTeX 2.9\tex/generic/etexcmds\etexcmd
s.sty"
Package: etexcmds 2019/12/15 v1.7 Avoid name clashes with e-TeX commands (HO)
)
\Hy@SavedSpaceFactor=\count192
Package hyperref Info: Option `unicode' set `true' on input line 4421.
("C:\Users\maybe\AppData\Local\Programs\MiKTeX 2.9\tex/latex/hyperref\puenc.def
"
File: puenc.def 2020/01/14 v7.00d Hyperref: PDF Unicode definition (HO)
Now handling font encoding PU ...
... no UTF-8 mapping file for font encoding PU
)
Package hyperref Info: Hyper figures OFF on input line 4547.
Package hyperref Info: Link nesting OFF on input line 4552.
Package hyperref Info: Hyper index ON on input line 4555.
Package hyperref Info: Plain pages OFF on input line 4562.
Package hyperref Info: Backreferencing OFF on input line 4567.
Package hyperref Info: Implicit mode ON; LaTeX internals redefined.
Package hyperref Info: Bookmarks ON on input line 4800.
\c@Hy@tempcnt=\count193
LaTeX Info: Redefining \url on input line 5159.
\XeTeXLinkMargin=\dimen146

("C:\Users\maybe\AppData\Local\Programs\MiKTeX 2.9\tex/generic/bitset\bitset.st
y"
Package: bitset 2019/12/09 v1.3 Handle bit-vector datatype (HO)

("C:\Users\maybe\AppData\Local\Programs\MiKTeX 2.9\tex/generic/bigintcalc\bigin
tcalc.sty"
Package: bigintcalc 2019/12/15 v1.5 Expandable calculations on big integers (HO
)
))
\Fld@menulength=\count194
\Field@Width=\dimen147
\Fld@charsize=\dimen148
Package hyperref Info: Hyper figures OFF on input line 6430.
Package hyperref Info: Link nesting OFF on input line 6435.
Package hyperref Info: Hyper index ON on input line 6438.
Package hyperref Info: backreferencing OFF on input line 6445.
Package hyperref Info: Link coloring OFF on input line 6450.
Package hyperref Info: Link coloring with OCG OFF on input line 6455.
Package hyperref Info: PDF/A mode OFF on input line 6460.
LaTeX Info: Redefining \ref on input line 6500.
LaTeX Info: Redefining \pageref on input line 6504.

("C:\Users\maybe\AppData\Local\Programs\MiKTeX 2.9\tex/generic/atbegshi\atbegsh
i.sty"
Package: atbegshi 2019/12/05 v1.19 At begin shipout hook (HO)
)
\Hy@abspage=\count195
\c@Item=\count196
\c@Hfootnote=\count197
)
Package hyperref Info: Driver (autodetected): hpdftex.

("C:\Users\maybe\AppData\Local\Programs\MiKTeX 2.9\tex/latex/hyperref\hpdftex.d
ef"
File: hpdftex.def 2020/01/14 v7.00d Hyperref driver for pdfTeX

("C:\Users\maybe\AppData\Local\Programs\MiKTeX 2.9\tex/latex/atveryend\atveryen
d.sty"
Package: atveryend 2019-12-11 v1.11 Hooks at the very end of document (HO)
)
\Fld@listcount=\count198
\c@bookmark@seq@number=\count199

("C:\Users\maybe\AppData\Local\Programs\MiKTeX 2.9\tex/latex/rerunfilecheck\rer
unfilecheck.sty"
Package: rerunfilecheck 2019/12/05 v1.9 Rerun checks for auxiliary files (HO)

("C:\Users\maybe\AppData\Local\Programs\MiKTeX 2.9\tex/generic/uniquecounter\un
iquecounter.sty"
Package: uniquecounter 2019/12/15 v1.4 Provide unlimited unique counter (HO)
)
Package uniquecounter Info: New unique counter `rerunfilecheck' on input line 2
86.
)
\Hy@SectionHShift=\skip53
)
("C:\Users\maybe\AppData\Local\Programs\MiKTeX 2.9\tex/latex/bookmark\bkm-pdfte
x.def"
File: bkm-pdftex.def 2019/12/03 v1.28 bookmark driver for pdfTeX (HO)
\BKM@id=\count266
))
("C:\Users\maybe\AppData\Local\Programs\MiKTeX 2.9\tex/latex/geometry\geometry.
sty"
Package: geometry 2020/01/02 v5.9 Page Geometry
("C:\Users\maybe\AppData\Local\Programs\MiKTeX 2.9\tex/generic/iftex\ifvtex.sty
"
Package: ifvtex 2019/10/25 v1.7 ifvtex legacy package. Use iftex instead.
)
\Gm@cnth=\count267
\Gm@cntv=\count268
\c@Gm@tempcnt=\count269
\Gm@bindingoffset=\dimen149
\Gm@wd@mp=\dimen150
\Gm@odd@mp=\dimen151
\Gm@even@mp=\dimen152
\Gm@layoutwidth=\dimen153
\Gm@layoutheight=\dimen154
\Gm@layouthoffset=\dimen155
\Gm@layoutvoffset=\dimen156
\Gm@dimlist=\toks25

("C:\Users\maybe\AppData\Local\Programs\MiKTeX 2.9\tex/latex/geometry\geometry.
cfg"))
("C:\Users\maybe\AppData\Local\Programs\MiKTeX 2.9\tex/latex/fancyvrb\fancyvrb.
sty"
Package: fancyvrb 2020/01/13 v3.5 verbatim text (tvz,hv)
\FV@CodeLineNo=\count270
\FV@InFile=\read2
\FV@TabBox=\box47
\c@FancyVerbLine=\count271
\FV@StepNumber=\count272
\FV@OutFile=\write3
) ("C:\Users\maybe\AppData\Local\Programs\MiKTeX 2.9\tex/latex/framed\framed.st
y"
Package: framed 2011/10/22 v 0.96: framed or shaded text with page breaks
\OuterFrameSep=\skip54
\fb@frw=\dimen157
\fb@frh=\dimen158
\FrameRule=\dimen159
\FrameSep=\dimen160
)
("C:\Users\maybe\AppData\Local\Programs\MiKTeX 2.9\tex/latex/tools\longtable.st
y"
Package: longtable 2020/01/07 v4.13 Multi-page Table package (DPC)
\LTleft=\skip55
\LTright=\skip56
\LTpre=\skip57
\LTpost=\skip58
\LTchunksize=\count273
\LTcapwidth=\dimen161
\LT@head=\box48
\LT@firsthead=\box49
\LT@foot=\box50
\LT@lastfoot=\box51
\LT@cols=\count274
\LT@rows=\count275
\c@LT@tables=\count276
\c@LT@chunks=\count277
\LT@p@ftn=\toks26
)
("C:\Users\maybe\AppData\Local\Programs\MiKTeX 2.9\tex/latex/booktabs\booktabs.
sty"
Package: booktabs 2020/01/12 v1.61803398 Publication quality tables
\heavyrulewidth=\dimen162
\lightrulewidth=\dimen163
\cmidrulewidth=\dimen164
\belowrulesep=\dimen165
\belowbottomsep=\dimen166
\aboverulesep=\dimen167
\abovetopsep=\dimen168
\cmidrulesep=\dimen169
\cmidrulekern=\dimen170
\defaultaddspace=\dimen171
\@cmidla=\count278
\@cmidlb=\count279
\@aboverulesep=\dimen172
\@belowrulesep=\dimen173
\@thisruleclass=\count280
\@lastruleclass=\count281
\@thisrulewidth=\dimen174
)
("C:\Users\maybe\AppData\Local\Programs\MiKTeX 2.9\tex/latex/footnotehyper\foot
notehyper.sty"
Package: footnotehyper 2019/11/07 v1.1a hyperref aware footnote.sty (JFB)
\FNH@notes=\box52
\FNH@width=\dimen175
)
("C:\Users\maybe\AppData\Local\Programs\MiKTeX 2.9\tex/latex/graphics\graphicx.
sty"
Package: graphicx 2019/11/30 v1.2a Enhanced LaTeX Graphics (DPC,SPQR)

("C:\Users\maybe\AppData\Local\Programs\MiKTeX 2.9\tex/latex/graphics\graphics.
sty"
Package: graphics 2019/11/30 v1.4a Standard LaTeX Graphics (DPC,SPQR)
("C:\Users\maybe\AppData\Local\Programs\MiKTeX 2.9\tex/latex/graphics\trig.sty"
Package: trig 2016/01/03 v1.10 sin cos tan (DPC)
)
("C:\Users\maybe\AppData\Local\Programs\MiKTeX 2.9\tex/latex/graphics-cfg\graph
ics.cfg"
File: graphics.cfg 2016/06/04 v1.11 sample graphics configuration
)
Package graphics Info: Driver file: pdftex.def on input line 105.
)
\Gin@req@height=\dimen176
\Gin@req@width=\dimen177
)
("C:\Users\maybe\AppData\Local\Programs\MiKTeX 2.9\tex/latex/grffile\grffile.st
y"
Package: grffile 2019/11/11 v2.1 Extended file name support for graphics (legac
y)
Package grffile Info: This package is an empty stub for compatibility on input 
line 40.
)
("C:\Users\maybe\AppData\Local\Programs\MiKTeX 2.9\tex/latex/pdfpages\pdfpages.
sty"
Package: pdfpages 2020/01/28 v0.5q Insert pages of external PDF documents (AM)
("C:\Users\maybe\AppData\Local\Programs\MiKTeX 2.9\tex/latex/base\ifthen.sty"
Package: ifthen 2014/09/29 v1.1c Standard LaTeX ifthen package (DPC)
) ("C:\Users\maybe\AppData\Local\Programs\MiKTeX 2.9\tex/latex/tools\calc.sty"
Package: calc 2017/05/25 v4.3 Infix arithmetic (KKT,FJ)
\calc@Acount=\count282
\calc@Bcount=\count283
\calc@Adimen=\dimen178
\calc@Bdimen=\dimen179
\calc@Askip=\skip59
\calc@Bskip=\skip60
LaTeX Info: Redefining \setlength on input line 80.
LaTeX Info: Redefining \addtolength on input line 81.
\calc@Ccount=\count284
\calc@Cskip=\skip61
)
("C:\Users\maybe\AppData\Local\Programs\MiKTeX 2.9\tex/latex/eso-pic\eso-pic.st
y"
Package: eso-pic 2018/04/12 v2.0h eso-pic (RN)
)
\AM@pagewidth=\dimen180
\AM@pageheight=\dimen181

("C:\Users\maybe\AppData\Local\Programs\MiKTeX 2.9\tex/latex/pdfpages\pppdftex.
def"
File: pppdftex.def 2020/01/28 v0.5q Pdfpages driver for pdfTeX (AM)
)
\AM@pagebox=\box53
\AM@global@opts=\toks27
\AM@pagecnt=\count285
\AM@toc@title=\toks28
\c@AM@survey=\count286
\AM@templatesizebox=\box54
)
("C:\Users\maybe\AppData\Local\Programs\MiKTeX 2.9\tex/latex/caption\caption.st
y"
Package: caption 2020/01/03 v3.4h Customizing captions (AR)

("C:\Users\maybe\AppData\Local\Programs\MiKTeX 2.9\tex/latex/caption\caption3.s
ty"
Package: caption3 2020/01/03 v1.8h caption3 kernel (AR)
Package caption3 Info: TeX engine: e-TeX on input line 61.
\captionmargin=\dimen182
\captionmargin@=\dimen183
\captionwidth=\dimen184
\caption@tempdima=\dimen185
\caption@indent=\dimen186
\caption@parindent=\dimen187
\caption@hangindent=\dimen188
Package caption Info: Standard document class detected.
)
\c@caption@flags=\count287
\c@continuedfloat=\count288
Package caption Info: hyperref package is loaded.
Package caption Info: longtable package is loaded.

("C:\Users\maybe\AppData\Local\Programs\MiKTeX 2.9\tex/latex/caption\ltcaption.
sty"
Package: ltcaption 2018/08/26 v1.4a longtable captions (AR)
)) ("C:\Users\maybe\AppData\Local\Programs\MiKTeX 2.9\tex/latex/float\float.sty
"
Package: float 2001/11/08 v1.3d Float enhancements (AL)
\c@float@type=\count289
\float@exts=\toks29
\float@box=\box55
\@float@everytoks=\toks30
\@floatcapt=\box56
) ("C:\Users\maybe\AppData\Local\Programs\MiKTeX 2.9\tex/latex/tools\array.sty"
Package: array 2019/08/31 v2.4l Tabular extension package (FMi)
\col@sep=\dimen189
\ar@mcellbox=\box57
\extrarowheight=\dimen190
\NC@list=\toks31
\extratabsurround=\skip62
\backup@length=\skip63
\ar@cellbox=\box58
)
("C:\Users\maybe\AppData\Local\Programs\MiKTeX 2.9\tex/latex/multirow\multirow.
sty"
Package: multirow 2019/05/31 v2.5 Span multiple rows of a table
\multirow@colwidth=\skip64
\multirow@cntb=\count290
\multirow@dima=\skip65
\bigstrutjot=\dimen191
)
("C:\Users\maybe\AppData\Local\Programs\MiKTeX 2.9\tex/latex/wrapfig\wrapfig.st
y"
\wrapoverhang=\dimen192
\WF@size=\dimen193
\c@WF@wrappedlines=\count291
\WF@box=\box59
\WF@everypar=\toks32
Package: wrapfig 2003/01/31  v 3.6
)
("C:\Users\maybe\AppData\Local\Programs\MiKTeX 2.9\tex/latex/colortbl\colortbl.
sty"
Package: colortbl 2020/01/04 v1.0e Color table columns (DPC)
\everycr=\toks33
\minrowclearance=\skip66
)
("C:\Users\maybe\AppData\Local\Programs\MiKTeX 2.9\tex/latex/pdflscape\pdflscap
e.sty"
Package: pdflscape 2019/12/05 v0.12 Display of landscape pages in PDF (HO)

("C:\Users\maybe\AppData\Local\Programs\MiKTeX 2.9\tex/latex/graphics\lscape.st
y"
Package: lscape 2000/10/22 v3.01 Landscape Pages (DPC)
)
Package pdflscape Info: Auto-detected driver: pdftex on input line 81.
) ("C:\Users\maybe\AppData\Local\Programs\MiKTeX 2.9\tex/latex/tabu\tabu.sty"
Package: tabu 2019/01/11 v2.9 - flexible LaTeX tabulars (FC+tabu-fixed)

("C:\Users\maybe\AppData\Local\Programs\MiKTeX 2.9\tex/latex/varwidth\varwidth.
sty"
Package: varwidth 2009/03/30 ver 0.92;  Variable-width minipages
\@vwid@box=\box60
\sift@deathcycles=\count292
\@vwid@loff=\dimen194
\@vwid@roff=\dimen195
)
\c@taburow=\count293
\tabu@nbcols=\count294
\tabu@cnt=\count295
\tabu@Xcol=\count296
\tabu@alloc=\count297
\tabu@nested=\count298
\tabu@target=\dimen196
\tabu@spreadtarget=\dimen197
\tabu@naturalX=\dimen198
\tabucolX=\dimen199
\tabu@Xsum=\dimen256
\extrarowdepth=\dimen257
\abovetabulinesep=\dimen258
\belowtabulinesep=\dimen259
\tabustrutrule=\dimen260
\tabu@thebody=\toks34
\tabu@footnotes=\toks35
\tabu@box=\box61
\tabu@arstrutbox=\box62
\tabu@hleads=\box63
\tabu@vleads=\box64
\tabu@cellskip=\skip67
)
("C:\Users\maybe\AppData\Local\Programs\MiKTeX 2.9\tex/latex/threeparttable\thr
eeparttable.sty"
Package: threeparttable 2003/06/13  v 3.0
\@tempboxb=\box65
)
("C:\Users\maybe\AppData\Local\Programs\MiKTeX 2.9\tex/latex/threeparttablex\th
reeparttablex.sty"
Package: threeparttablex 2013/07/23 v0.3 by daleif

("C:\Users\maybe\AppData\Local\Programs\MiKTeX 2.9\tex/latex/environ\environ.st
y"
Package: environ 2014/05/04 v0.3 A new way to define environments

("C:\Users\maybe\AppData\Local\Programs\MiKTeX 2.9\tex/latex/trimspaces\trimspa
ces.sty"
Package: trimspaces 2009/09/17 v1.1 Trim spaces around a token list
))
\TPTL@width=\skip68
) ("C:\Users\maybe\AppData\Local\Programs\MiKTeX 2.9\tex/latex/ulem\ulem.sty"
\UL@box=\box66
\UL@hyphenbox=\box67
\UL@skip=\skip69
\UL@hook=\toks36
\UL@height=\dimen261
\UL@pe=\count299
\UL@pixel=\dimen262
\ULC@box=\box68
Package: ulem 2019/11/18
\ULdepth=\dimen263
)
("C:\Users\maybe\AppData\Local\Programs\MiKTeX 2.9\tex/latex/makecell\makecell.
sty"
Package: makecell 2009/08/03 V0.1e Managing of Tab Column Heads and Cells
\rotheadsize=\dimen264
\c@nlinenum=\count300
\TeXr@lab=\toks37
)
("C:\Users\maybe\AppData\Local\Programs\MiKTeX 2.9\tex/latex/l3backend\l3backen
d-pdfmode.def"
File: l3backend-pdfmode.def 2020-03-12 L3 backend support: PDF mode
\l__kernel_color_stack_int=\count301
\l__pdf_internal_box=\box69
) (final_proj_again.aux

LaTeX Warning: Label `tab:1' multiply defined.


LaTeX Warning: Label `tab:2' multiply defined.


LaTeX Warning: Label `tab:1' multiply defined.


LaTeX Warning: Label `tab:2' multiply defined.

)
\openout1 = `final_proj_again.aux'.

LaTeX Font Info:    Checking defaults for OML/cmm/m/it on input line 133.
LaTeX Font Info:    ... okay on input line 133.
LaTeX Font Info:    Checking defaults for OMS/cmsy/m/n on input line 133.
LaTeX Font Info:    ... okay on input line 133.
LaTeX Font Info:    Checking defaults for OT1/cmr/m/n on input line 133.
LaTeX Font Info:    ... okay on input line 133.
LaTeX Font Info:    Checking defaults for T1/cmr/m/n on input line 133.
LaTeX Font Info:    ... okay on input line 133.
LaTeX Font Info:    Checking defaults for TS1/cmr/m/n on input line 133.
LaTeX Font Info:    ... okay on input line 133.
LaTeX Font Info:    Checking defaults for OMX/cmex/m/n on input line 133.
LaTeX Font Info:    ... okay on input line 133.
LaTeX Font Info:    Checking defaults for U/cmr/m/n on input line 133.
LaTeX Font Info:    ... okay on input line 133.
LaTeX Font Info:    Checking defaults for PD1/pdf/m/n on input line 133.
LaTeX Font Info:    ... okay on input line 133.
LaTeX Font Info:    Checking defaults for PU/pdf/m/n on input line 133.
LaTeX Font Info:    ... okay on input line 133.
LaTeX Info: Redefining \microtypecontext on input line 133.
Package microtype Info: Generating PDF output.
Package microtype Info: Character protrusion enabled (level 2).
Package microtype Info: Using protrusion set `basicmath'.
Package microtype Info: Automatic font expansion enabled (level 2),
(microtype)             stretch: 20, shrink: 20, step: 1, non-selected.
Package microtype Info: Using default expansion set `basictext'.
LaTeX Info: Redefining \showhyphens on input line 133.
Package microtype Info: No adjustment of tracking.
Package microtype Info: No adjustment of interword spacing.
Package microtype Info: No adjustment of character kerning.

("C:\Users\maybe\AppData\Local\Programs\MiKTeX 2.9\tex/latex/microtype\mt-cmr.c
fg"
File: mt-cmr.cfg 2013/05/19 v2.2 microtype config. file: Computer Modern Roman 
(RS)
)
("C:\Users\maybe\AppData\Local\Programs\MiKTeX 2.9\tex/context/base/mkii\supp-p
df.mkii"
[Loading MPS to PDF converter (version 2006.09.02).]
\scratchcounter=\count302
\scratchdimen=\dimen265
\scratchbox=\box70
\nofMPsegments=\count303
\nofMParguments=\count304
\everyMPshowfont=\toks38
\MPscratchCnt=\count305
\MPscratchDim=\dimen266
\MPnumerator=\count306
\makeMPintoPDFobject=\count307
\everyMPtoPDFconversion=\toks39
)
("C:\Users\maybe\AppData\Local\Programs\MiKTeX 2.9\tex/latex/epstopdf-pkg\epsto
pdf-base.sty"
Package: epstopdf-base 2020-01-24 v2.11 Base part for package epstopdf
Package epstopdf-base Info: Redefining graphics rule for `.eps' on input line 4
85.
)
\AtBeginShipoutBox=\box71
Package hyperref Info: Link coloring OFF on input line 133.

("C:\Users\maybe\AppData\Local\Programs\MiKTeX 2.9\tex/latex/hyperref\nameref.s
ty"
Package: nameref 2019/09/16 v2.46 Cross-referencing by name of section

("C:\Users\maybe\AppData\Local\Programs\MiKTeX 2.9\tex/latex/refcount\refcount.
sty"
Package: refcount 2019/12/15 v3.6 Data extraction from label references (HO)
)
("C:\Users\maybe\AppData\Local\Programs\MiKTeX 2.9\tex/generic/gettitlestring\g
ettitlestring.sty"
Package: gettitlestring 2019/12/15 v1.6 Cleanup title references (HO)
)
\c@section@level=\count308
)
LaTeX Info: Redefining \ref on input line 133.
LaTeX Info: Redefining \pageref on input line 133.
LaTeX Info: Redefining \nameref on input line 133.
*geometry* driver: auto-detecting
*geometry* detected driver: pdftex
*geometry* verbose mode - [ preamble ] result:
* driver: pdftex
* paper: <default>
* layout: <same size as paper>
* layoutoffset:(h,v)=(0.0pt,0.0pt)
* modes: 
* h-part:(L,W,R)=(36.98866pt, 540.31767pt, 36.98866pt)
* v-part:(T,H,B)=(36.98866pt, 720.99266pt, 36.98866pt)
* \paperwidth=614.295pt
* \paperheight=794.96999pt
* \textwidth=540.31767pt
* \textheight=720.99266pt
* \oddsidemargin=-35.28133pt
* \evensidemargin=-35.28133pt
* \topmargin=-72.28133pt
* \headheight=12.0pt
* \headsep=25.0pt
* \topskip=10.0pt
* \footskip=30.0pt
* \marginparwidth=65.0pt
* \marginparsep=11.0pt
* \columnsep=10.0pt
* \skip\footins=9.0pt plus 4.0pt minus 2.0pt
* \hoffset=0.0pt
* \voffset=0.0pt
* \mag=1000
* \@twocolumnfalse
* \@twosidefalse
* \@mparswitchfalse
* \@reversemarginfalse
* (1in=72.27pt=25.4mm, 1cm=28.453pt)

Package caption Info: Begin \AtBeginDocument code.
Package caption Info: float package is loaded.
Package caption Info: threeparttable package is loaded.
Package caption Info: wrapfig package is loaded.
Package caption Info: End \AtBeginDocument code.
LaTeX Font Info:    Trying to load font information for OT1+lmr on input line 1
35.
("C:\Users\maybe\AppData\Local\Programs\MiKTeX 2.9\tex/latex/lm\ot1lmr.fd"
File: ot1lmr.fd 2009/10/30 v1.6 Font defs for Latin Modern
)
LaTeX Font Info:    Trying to load font information for OML+lmm on input line 1
35.
("C:\Users\maybe\AppData\Local\Programs\MiKTeX 2.9\tex/latex/lm\omllmm.fd"
File: omllmm.fd 2009/10/30 v1.6 Font defs for Latin Modern
)
LaTeX Font Info:    Trying to load font information for OMS+lmsy on input line 
135.
("C:\Users\maybe\AppData\Local\Programs\MiKTeX 2.9\tex/latex/lm\omslmsy.fd"
File: omslmsy.fd 2009/10/30 v1.6 Font defs for Latin Modern
)
LaTeX Font Info:    Trying to load font information for OMX+lmex on input line 
135.
("C:\Users\maybe\AppData\Local\Programs\MiKTeX 2.9\tex/latex/lm\omxlmex.fd"
File: omxlmex.fd 2009/10/30 v1.6 Font defs for Latin Modern
)
LaTeX Font Info:    External font `lmex10' loaded for size
(Font)              <12> on input line 135.
LaTeX Font Info:    External font `lmex10' loaded for size
(Font)              <8> on input line 135.
LaTeX Font Info:    External font `lmex10' loaded for size
(Font)              <6> on input line 135.
LaTeX Font Info:    Trying to load font information for U+msa on input line 135
.
("C:\Users\maybe\AppData\Local\Programs\MiKTeX 2.9\tex/latex/amsfonts\umsa.fd"
File: umsa.fd 2013/01/14 v3.01 AMS symbols A
)
("C:\Users\maybe\AppData\Local\Programs\MiKTeX 2.9\tex/latex/microtype\mt-msa.c
fg"
File: mt-msa.cfg 2006/02/04 v1.1 microtype config. file: AMS symbols (a) (RS)
)
LaTeX Font Info:    Trying to load font information for U+msb on input line 135
.
("C:\Users\maybe\AppData\Local\Programs\MiKTeX 2.9\tex/latex/amsfonts\umsb.fd"
File: umsb.fd 2013/01/14 v3.01 AMS symbols B
)
("C:\Users\maybe\AppData\Local\Programs\MiKTeX 2.9\tex/latex/microtype\mt-msb.c
fg"
File: mt-msb.cfg 2005/06/01 v1.0 microtype config. file: AMS symbols (b) (RS)
) (final_proj_again.toc
LaTeX Font Info:    External font `lmex10' loaded for size
(Font)              <10> on input line 2.
LaTeX Font Info:    External font `lmex10' loaded for size
(Font)              <7> on input line 2.
LaTeX Font Info:    External font `lmex10' loaded for size
(Font)              <5> on input line 2.
)
\tf@toc=\write4
\openout4 = `final_proj_again.toc'.

[1

{C:/Users/maybe/AppData/Local/MiKTeX/2.9/pdftex/config/pdftex.map}]
LaTeX Font Info:    Trying to load font information for T1+lmtt on input line 1
50.
("C:\Users\maybe\AppData\Local\Programs\MiKTeX 2.9\tex/latex/lm\t1lmtt.fd"
File: t1lmtt.fd 2009/10/30 v1.6 Font defs for Latin Modern
)
LaTeX Font Info:    Font shape `T1/lmtt/bx/n' in size <10> not available
(Font)              Font shape `T1/lmtt/b/n' tried instead on input line 151.
[2] [3]
<final_proj_again_files/figure-latex/unnamed-chunk-24-1.pdf, id=99, 469.755pt x
 325.215pt>
File: final_proj_again_files/figure-latex/unnamed-chunk-24-1.pdf Graphic file (
type pdf)
<use final_proj_again_files/figure-latex/unnamed-chunk-24-1.pdf>
Package pdftex.def Info: final_proj_again_files/figure-latex/unnamed-chunk-24-1
.pdf  used on input line 459.
(pdftex.def)             Requested size: 378.2201pt x 261.84467pt.
[4]
<final_proj_again_files/figure-latex/unnamed-chunk-25-1.pdf, id=105, 505.89pt x
 216.81pt>
File: final_proj_again_files/figure-latex/unnamed-chunk-25-1.pdf Graphic file (
type pdf)
<use final_proj_again_files/figure-latex/unnamed-chunk-25-1.pdf>
Package pdftex.def Info: final_proj_again_files/figure-latex/unnamed-chunk-25-1
.pdf  used on input line 487.
(pdftex.def)             Requested size: 505.89645pt x 216.81276pt.
[5 <./final_proj_again_files/figure-latex/unnamed-chunk-24-1.pdf> <./final_proj
_again_files/figure-latex/unnamed-chunk-25-1.pdf>]
<final_proj_again_files/figure-latex/unnamed-chunk-30-1.pdf, id=123, 469.755pt 
x 325.215pt>
File: final_proj_again_files/figure-latex/unnamed-chunk-30-1.pdf Graphic file (
type pdf)
<use final_proj_again_files/figure-latex/unnamed-chunk-30-1.pdf>
Package pdftex.def Info: final_proj_again_files/figure-latex/unnamed-chunk-30-1
.pdf  used on input line 574.
(pdftex.def)             Requested size: 270.15721pt x 187.0319pt.
[6]
<final_proj_again_files/figure-latex/unnamed-chunk-32-1.pdf, id=130, 433.62pt x
 252.945pt>
File: final_proj_again_files/figure-latex/unnamed-chunk-32-1.pdf Graphic file (
type pdf)
<use final_proj_again_files/figure-latex/unnamed-chunk-32-1.pdf>
Package pdftex.def Info: final_proj_again_files/figure-latex/unnamed-chunk-32-1
.pdf  used on input line 609.
(pdftex.def)             Requested size: 433.62555pt x 252.94823pt.
[7 <./final_proj_again_files/figure-latex/unnamed-chunk-30-1.pdf> <./final_proj
_again_files/figure-latex/unnamed-chunk-32-1.pdf>]
<final_proj_again_files/figure-latex/unnamed-chunk-33-1.pdf, id=152, 469.755pt 
x 325.215pt>
File: final_proj_again_files/figure-latex/unnamed-chunk-33-1.pdf Graphic file (
type pdf)
<use final_proj_again_files/figure-latex/unnamed-chunk-33-1.pdf>
Package pdftex.def Info: final_proj_again_files/figure-latex/unnamed-chunk-33-1
.pdf  used on input line 630.
(pdftex.def)             Requested size: 405.23581pt x 280.54785pt.
LaTeX Font Info:    Trying to load font information for TS1+lmtt on input line 
649.
("C:\Users\maybe\AppData\Local\Programs\MiKTeX 2.9\tex/latex/lm\ts1lmtt.fd"
File: ts1lmtt.fd 2009/10/30 v1.6 Font defs for Latin Modern
) [8 <./final_proj_again_files/figure-latex/unnamed-chunk-33-1.pdf>]
<final_proj_again_files/figure-latex/unnamed-chunk-37-1.pdf, id=164, 469.755pt 
x 325.215pt>
File: final_proj_again_files/figure-latex/unnamed-chunk-37-1.pdf Graphic file (
type pdf)
<use final_proj_again_files/figure-latex/unnamed-chunk-37-1.pdf>
Package pdftex.def Info: final_proj_again_files/figure-latex/unnamed-chunk-37-1
.pdf  used on input line 703.
(pdftex.def)             Requested size: 432.2587pt x 299.25601pt.
[9 <./final_proj_again_files/figure-latex/unnamed-chunk-37-1.pdf>]
<final_proj_again_files/figure-latex/unnamed-chunk-40-1.pdf, id=181, 505.89pt x
 216.81pt>
File: final_proj_again_files/figure-latex/unnamed-chunk-40-1.pdf Graphic file (
type pdf)
<use final_proj_again_files/figure-latex/unnamed-chunk-40-1.pdf>
Package pdftex.def Info: final_proj_again_files/figure-latex/unnamed-chunk-40-1
.pdf  used on input line 754.
(pdftex.def)             Requested size: 505.89645pt x 216.81276pt.
[10 <./final_proj_again_files/figure-latex/unnamed-chunk-40-1.pdf>]
<final_proj_again_files/figure-latex/unnamed-chunk-45-1.pdf, id=195, 469.755pt 
x 325.215pt>
File: final_proj_again_files/figure-latex/unnamed-chunk-45-1.pdf Graphic file (
type pdf)
<use final_proj_again_files/figure-latex/unnamed-chunk-45-1.pdf>
Package pdftex.def Info: final_proj_again_files/figure-latex/unnamed-chunk-45-1
.pdf  used on input line 838.
(pdftex.def)             Requested size: 324.19582pt x 224.44325pt.
<final_proj_again_files/figure-latex/unnamed-chunk-46-1.pdf, id=196, 650.43pt x
 274.02374pt>
File: final_proj_again_files/figure-latex/unnamed-chunk-46-1.pdf Graphic file (
type pdf)
<use final_proj_again_files/figure-latex/unnamed-chunk-46-1.pdf>
Package pdftex.def Info: final_proj_again_files/figure-latex/unnamed-chunk-46-1
.pdf  used on input line 870.
(pdftex.def)             Requested size: 540.353pt x 227.64871pt.
[11 <./final_proj_again_files/figure-latex/unnamed-chunk-45-1.pdf>]
<final_proj_again_files/figure-latex/unnamed-chunk-49-1.pdf, id=209, 505.89pt x
 237.88875pt>
File: final_proj_again_files/figure-latex/unnamed-chunk-49-1.pdf Graphic file (
type pdf)
<use final_proj_again_files/figure-latex/unnamed-chunk-49-1.pdf>
Package pdftex.def Info: final_proj_again_files/figure-latex/unnamed-chunk-49-1
.pdf  used on input line 941.
(pdftex.def)             Requested size: 505.89645pt x 237.89177pt.
[12 <./final_proj_again_files/figure-latex/unnamed-chunk-46-1.pdf>]
<final_proj_again_files/figure-latex/unnamed-chunk-54-1.pdf, id=224, 469.755pt 
x 325.215pt>
File: final_proj_again_files/figure-latex/unnamed-chunk-54-1.pdf Graphic file (
type pdf)
<use final_proj_again_files/figure-latex/unnamed-chunk-54-1.pdf>
Package pdftex.def Info: final_proj_again_files/figure-latex/unnamed-chunk-54-1
.pdf  used on input line 1020.
(pdftex.def)             Requested size: 405.23581pt x 280.54785pt.
[13 <./final_proj_again_files/figure-latex/unnamed-chunk-49-1.pdf>]
<final_proj_again_files/figure-latex/unnamed-chunk-56-1.pdf, id=243, 469.755pt 
x 325.215pt>
File: final_proj_again_files/figure-latex/unnamed-chunk-56-1.pdf Graphic file (
type pdf)
<use final_proj_again_files/figure-latex/unnamed-chunk-56-1.pdf>
Package pdftex.def Info: final_proj_again_files/figure-latex/unnamed-chunk-56-1
.pdf  used on input line 1036.
(pdftex.def)             Requested size: 469.78969pt x 325.23901pt.
[14 <./final_proj_again_files/figure-latex/unnamed-chunk-54-1.pdf> <./final_pro
j_again_files/figure-latex/unnamed-chunk-56-1.pdf>]
<project_images/foods_final/train/candy/10968.jpg, id=263, 140.525pt x 140.525p
t>
File: project_images/foods_final/train/candy/10968.jpg Graphic file (type jpg)
<use project_images/foods_final/train/candy/10968.jpg>
Package pdftex.def Info: project_images/foods_final/train/candy/10968.jpg  used
 on input line 1075.
(pdftex.def)             Requested size: 48.62697pt x 48.62697pt.
<project_images/foods_final/train/candy/10986.jpg, id=264, 105.39375pt x 140.52
5pt>
File: project_images/foods_final/train/candy/10986.jpg Graphic file (type jpg)
<use project_images/foods_final/train/candy/10986.jpg>
Package pdftex.def Info: project_images/foods_final/train/candy/10986.jpg  used
 on input line 1075.
(pdftex.def)             Requested size: 48.62643pt x 64.83525pt.
<project_images/foods_final/train/chocolate/16201.jpg, id=265, 141.52875pt x 14
0.525pt>
File: project_images/foods_final/train/chocolate/16201.jpg Graphic file (type j
pg)
<use project_images/foods_final/train/chocolate/16201.jpg>
Package pdftex.def Info: project_images/foods_final/train/chocolate/16201.jpg  
used on input line 1075.
(pdftex.def)             Requested size: 48.62662pt x 48.28175pt.
<project_images/foods_final/train/popcorn_peanuts_seeds_related_snacks/17911.jp
g, id=266, 140.525pt x 140.525pt>
File: project_images/foods_final/train/popcorn_peanuts_seeds_related_snacks/179
11.jpg Graphic file (type jpg)
<use project_images/foods_final/train/popcorn_peanuts_seeds_related_snacks/1791
1.jpg>
Package pdftex.def Info: project_images/foods_final/train/popcorn_peanuts_seeds
_related_snacks/17911.jpg  used on input line 1075.
(pdftex.def)             Requested size: 48.62697pt x 48.62697pt.
<project_images/foods_final/train/popcorn_peanuts_seeds_related_snacks/23556.jp
g, id=267, 162.6075pt x 109.40875pt>
File: project_images/foods_final/train/popcorn_peanuts_seeds_related_snacks/235
56.jpg Graphic file (type jpg)
<use project_images/foods_final/train/popcorn_peanuts_seeds_related_snacks/2355
6.jpg>
Package pdftex.def Info: project_images/foods_final/train/popcorn_peanuts_seeds
_related_snacks/23556.jpg  used on input line 1075.
(pdftex.def)             Requested size: 48.6263pt x 32.7177pt.
<project_images/foods_final/train/chocolate/13676.jpg, id=268, 71.51718pt x 105
.39375pt>
File: project_images/foods_final/train/chocolate/13676.jpg Graphic file (type j
pg)
<use project_images/foods_final/train/chocolate/13676.jpg>
Package pdftex.def Info: project_images/foods_final/train/chocolate/13676.jpg  
used on input line 1101.
(pdftex.def)             Requested size: 37.82643pt x 55.74423pt.
<final_proj_again_files/figure-latex/unnamed-chunk-65-1.pdf, id=269, 469.755pt 
x 325.215pt>
File: final_proj_again_files/figure-latex/unnamed-chunk-65-1.pdf Graphic file (
type pdf)
<use final_proj_again_files/figure-latex/unnamed-chunk-65-1.pdf>
Package pdftex.def Info: final_proj_again_files/figure-latex/unnamed-chunk-65-1
.pdf  used on input line 1129.
(pdftex.def)             Requested size: 432.2587pt x 299.25601pt.
[15 <./project_images/foods_final/train/candy/10968.jpg> <./project_images/food
s_final/train/candy/10986.jpg> <./project_images/foods_final/train/chocolate/16
201.jpg> <./project_images/foods_final/train/popcorn_peanuts_seeds_related_snac
ks/17911.jpg> <./project_images/foods_final/train/popcorn_peanuts_seeds_related
_snacks/23556.jpg> <./project_images/foods_final/train/chocolate/13676.jpg>] [1
6 <./final_proj_again_files/figure-latex/unnamed-chunk-65-1.pdf>] [17] [18]
Overfull \hbox (2.67665pt too wide) in paragraph at lines 1340--1347
[][] 
 []


Overfull \hbox (12.25487pt too wide) in paragraph at lines 1358--1363
[][] 
 []

[19]
<final_proj_again_files/figure-latex/unnamed-chunk-83-1.pdf, id=319, 361.35pt x
 144.54pt>
File: final_proj_again_files/figure-latex/unnamed-chunk-83-1.pdf Graphic file (
type pdf)
<use final_proj_again_files/figure-latex/unnamed-chunk-83-1.pdf>
Package pdftex.def Info: final_proj_again_files/figure-latex/unnamed-chunk-83-1
.pdf  used on input line 1432.
(pdftex.def)             Requested size: 361.34912pt x 144.53963pt.
LaTeX Font Info:    External font `lmex10' loaded for size
(Font)              <9> on input line 1446.
LaTeX Font Info:    Trying to load font information for TS1+lmr on input line 1
517.
("C:\Users\maybe\AppData\Local\Programs\MiKTeX 2.9\tex/latex/lm\ts1lmr.fd"
File: ts1lmr.fd 2009/10/30 v1.6 Font defs for Latin Modern
) [20 <./final_proj_again_files/figure-latex/unnamed-chunk-83-1.pdf>]
<final_proj_again_files/figure-latex/unnamed-chunk-98-1.pdf, id=337, 505.89pt x
 289.08pt>
File: final_proj_again_files/figure-latex/unnamed-chunk-98-1.pdf Graphic file (
type pdf)
<use final_proj_again_files/figure-latex/unnamed-chunk-98-1.pdf>
Package pdftex.def Info: final_proj_again_files/figure-latex/unnamed-chunk-98-1
.pdf  used on input line 1563.
(pdftex.def)             Requested size: 505.89645pt x 289.0837pt.
<plots/numeric_3_tables_side_by_side.jpg, id=338, 463.23062pt x 102.88437pt>
File: plots/numeric_3_tables_side_by_side.jpg Graphic file (type jpg)
<use plots/numeric_3_tables_side_by_side.jpg>
Package pdftex.def Info: plots/numeric_3_tables_side_by_side.jpg  used on input
 line 1573.
(pdftex.def)             Requested size: 459.27827pt x 102.00653pt.
[21 <./final_proj_again_files/figure-latex/unnamed-chunk-98-1.pdf> <./plots/num
eric_3_tables_side_by_side.jpg>] [22]
<final_proj_again_files/figure-latex/unnamed-chunk-108-1.pdf, id=363, 505.89pt 
x 180.675pt>
File: final_proj_again_files/figure-latex/unnamed-chunk-108-1.pdf Graphic file 
(type pdf)
<use final_proj_again_files/figure-latex/unnamed-chunk-108-1.pdf>
Package pdftex.def Info: final_proj_again_files/figure-latex/unnamed-chunk-108-
1.pdf  used on input line 1757.
(pdftex.def)             Requested size: 505.88875pt x 180.67455pt.
[23 <./final_proj_again_files/figure-latex/unnamed-chunk-108-1.pdf>]
<final_proj_again_files/figure-latex/unnamed-chunk-118-1.pdf, id=373, 505.89pt 
x 230.8625pt>
File: final_proj_again_files/figure-latex/unnamed-chunk-118-1.pdf Graphic file 
(type pdf)
<use final_proj_again_files/figure-latex/unnamed-chunk-118-1.pdf>
Package pdftex.def Info: final_proj_again_files/figure-latex/unnamed-chunk-118-
1.pdf  used on input line 1793.
(pdftex.def)             Requested size: 505.88875pt x 230.86192pt.
[24 <./final_proj_again_files/figure-latex/unnamed-chunk-118-1.pdf>]
<final_proj_again_files/figure-latex/unnamed-chunk-133-1.pdf, id=388, 505.89pt 
x 180.675pt>
File: final_proj_again_files/figure-latex/unnamed-chunk-133-1.pdf Graphic file 
(type pdf)
<use final_proj_again_files/figure-latex/unnamed-chunk-133-1.pdf>
Package pdftex.def Info: final_proj_again_files/figure-latex/unnamed-chunk-133-
1.pdf  used on input line 1945.
(pdftex.def)             Requested size: 505.88875pt x 180.67455pt.

Overfull \vbox (0.57777pt too high) detected at line 1975
 []

[25 <./final_proj_again_files/figure-latex/unnamed-chunk-133-1.pdf>]
<final_proj_again_files/figure-latex/unnamed-chunk-144-1.pdf, id=401, 505.89pt 
x 274.02374pt>
File: final_proj_again_files/figure-latex/unnamed-chunk-144-1.pdf Graphic file 
(type pdf)
<use final_proj_again_files/figure-latex/unnamed-chunk-144-1.pdf>
Package pdftex.def Info: final_proj_again_files/figure-latex/unnamed-chunk-144-
1.pdf  used on input line 1979.
(pdftex.def)             Requested size: 505.89645pt x 274.02725pt.
[26 <./final_proj_again_files/figure-latex/unnamed-chunk-144-1.pdf>]
<final_proj_again_files/figure-latex/unnamed-chunk-161-1.pdf, id=416, 433.62pt 
x 223.83624pt>
File: final_proj_again_files/figure-latex/unnamed-chunk-161-1.pdf Graphic file 
(type pdf)
<use final_proj_again_files/figure-latex/unnamed-chunk-161-1.pdf>
Package pdftex.def Info: final_proj_again_files/figure-latex/unnamed-chunk-161-
1.pdf  used on input line 2084.
(pdftex.def)             Requested size: 433.63217pt x 223.84251pt.
[27 <./final_proj_again_files/figure-latex/unnamed-chunk-161-1.pdf>]
<final_proj_again_files/figure-latex/unnamed-chunk-171-1.pdf, id=432, 433.62pt 
x 201.75375pt>
File: final_proj_again_files/figure-latex/unnamed-chunk-171-1.pdf Graphic file 
(type pdf)
<use final_proj_again_files/figure-latex/unnamed-chunk-171-1.pdf>
Package pdftex.def Info: final_proj_again_files/figure-latex/unnamed-chunk-171-
1.pdf  used on input line 2133.
(pdftex.def)             Requested size: 433.62555pt x 201.75632pt.
[28 <./final_proj_again_files/figure-latex/unnamed-chunk-171-1.pdf>] [29]
<plots/comb_model_diagram.png, id=457, 890.32625pt x 1184.425pt>
File: plots/comb_model_diagram.png Graphic file (type png)
<use plots/comb_model_diagram.png>
Package pdftex.def Info: plots/comb_model_diagram.png  used on input line 2295.

(pdftex.def)             Requested size: 324.18523pt x 431.27235pt.
[30 <./plots/comb_model_diagram.png>]
Package atveryend Info: Empty hook `BeforeClearDocument' on input line 2392.
[31]
Package atveryend Info: Empty hook `AfterLastShipout' on input line 2392.
(final_proj_again.aux)
Package atveryend Info: Executing hook `AtVeryEndDocument' on input line 2392.
Package atveryend Info: Empty hook `AtEndAfterFileList' on input line 2392.

LaTeX Warning: There were multiply-defined labels.

 ) 
Here is how much of TeX's memory you used:
 17300 strings out of 480930
 271020 string characters out of 2899761
 563400 words of memory out of 3000000
 32577 multiletter control sequences out of 15000+200000
 600872 words of font info for 124 fonts, out of 3000000 for 9000
 1141 hyphenation exceptions out of 8191
 41i,11n,42p,817b,423s stack positions out of 5000i,500n,10000p,200000b,50000s
{C:/Users/maybe/AppData/Local/Programs/MiKTeX 2.9/fonts/enc/dvips/lm/lm-rm.en
c}{C:/Users/maybe/AppData/Local/Programs/MiKTeX 2.9/fonts/enc/dvips/lm/lm-mathi
t.enc}{C:/Users/maybe/AppData/Local/Programs/MiKTeX 2.9/fonts/enc/dvips/lm/lm-m
athsy.enc}{C:/Users/maybe/AppData/Local/Programs/MiKTeX 2.9/fonts/enc/dvips/lm/
lm-mathex.enc}{C:/Users/maybe/AppData/Local/Programs/MiKTeX 2.9/fonts/enc/dvips
/lm/lm-ts1.enc}{C:/Users/maybe/AppData/Local/Programs/MiKTeX 2.9/fonts/enc/dvip
s/lm/lm-ec.enc}<C:/Users/maybe/AppData/Local/Programs/MiKTeX 2.9/fonts/type1/pu
blic/lm/lmbx10.pfb><C:/Users/maybe/AppData/Local/Programs/MiKTeX 2.9/fonts/type
1/public/lm/lmbx12.pfb><C:/Users/maybe/AppData/Local/Programs/MiKTeX 2.9/fonts/
type1/public/lm/lmex10.pfb><C:/Users/maybe/AppData/Local/Programs/MiKTeX 2.9/fo
nts/type1/public/lm/lmmi10.pfb><C:/Users/maybe/AppData/Local/Programs/MiKTeX 2.
9/fonts/type1/public/lm/lmmi7.pfb><C:/Users/maybe/AppData/Local/Programs/MiKTeX
 2.9/fonts/type1/public/lm/lmr10.pfb><C:/Users/maybe/AppData/Local/Programs/MiK
TeX 2.9/fonts/type1/public/lm/lmr12.pfb><C:/Users/maybe/AppData/Local/Programs/
MiKTeX 2.9/fonts/type1/public/lm/lmr17.pfb><C:/Users/maybe/AppData/Local/Progra
ms/MiKTeX 2.9/fonts/type1/public/lm/lmr7.pfb><C:/Users/maybe/AppData/Local/Prog
rams/MiKTeX 2.9/fonts/type1/public/lm/lmr8.pfb><C:/Users/maybe/AppData/Local/Pr
ograms/MiKTeX 2.9/fonts/type1/public/lm/lmr9.pfb><C:/Users/maybe/AppData/Local/
Programs/MiKTeX 2.9/fonts/type1/public/lm/lmri10.pfb><C:/Users/maybe/AppData/Lo
cal/Programs/MiKTeX 2.9/fonts/type1/public/lm/lmsy10.pfb><C:/Users/maybe/AppDat
a/Local/Programs/MiKTeX 2.9/fonts/type1/public/lm/lmtk10.pfb><C:/Users/maybe/Ap
pData/Local/Programs/MiKTeX 2.9/fonts/type1/public/lm/lmtt10.pfb><C:/Users/mayb
e/AppData/Local/Programs/MiKTeX 2.9/fonts/type1/public/lm/lmtti10.pfb>
Output written on final_proj_again.pdf (31 pages, 2539878 bytes).
PDF statistics:
 657 PDF objects out of 1000 (max. 8388607)
 129 named destinations out of 1000 (max. 500000)
 18834 words of extra memory for PDF output out of 20736 (max. 10000000)

